Analysis & Synthesis report for Proj_Hardware
Thu May 16 09:28:50 2019
Quartus II Version 9.1 Build 350 03/24/2010 Service Pack 2 SJ Web Edition


---------------------
; Table of Contents ;
---------------------
  1. Legal Notice
  2. Analysis & Synthesis Summary
  3. Analysis & Synthesis Settings
  4. Parallel Compilation
  5. Analysis & Synthesis Source Files Read
  6. Analysis & Synthesis Resource Usage Summary
  7. Analysis & Synthesis Resource Utilization by Entity
  8. General Register Statistics
  9. Multiplexer Restructuring Statistics (Restructuring Performed)
 10. Analysis & Synthesis Messages
 11. Analysis & Synthesis Suppressed Messages



----------------
; Legal Notice ;
----------------
Copyright (C) 1991-2010 Altera Corporation
Your use of Altera Corporation's design tools, logic functions 
and other software and tools, and its AMPP partner logic 
functions, and any output files from any of the foregoing 
(including device programming or simulation files), and any 
associated documentation or information are expressly subject 
to the terms and conditions of the Altera Program License 
Subscription Agreement, Altera MegaCore Function License 
Agreement, or other applicable license agreement, including, 
without limitation, that your use is for the sole purpose of 
programming logic devices manufactured by Altera and sold by 
Altera or its authorized distributors.  Please refer to the 
applicable agreement for further details.



+------------------------------------------------------------------------------+
; Analysis & Synthesis Summary                                                 ;
+-------------------------------+----------------------------------------------+
; Analysis & Synthesis Status   ; Successful - Thu May 16 09:28:50 2019        ;
; Quartus II Version            ; 9.1 Build 350 03/24/2010 SP 2 SJ Web Edition ;
; Revision Name                 ; Proj_Hardware                                ;
; Top-level Entity Name         ; div                                          ;
; Family                        ; Stratix II                                   ;
; Logic utilization             ; N/A                                          ;
;     Combinational ALUTs       ; 403                                          ;
;     Dedicated logic registers ; 232                                          ;
; Total registers               ; 232                                          ;
; Total pins                    ; 133                                          ;
; Total virtual pins            ; 0                                            ;
; Total block memory bits       ; 0                                            ;
; DSP block 9-bit elements      ; 0                                            ;
; Total PLLs                    ; 0                                            ;
; Total DLLs                    ; 0                                            ;
+-------------------------------+----------------------------------------------+


+----------------------------------------------------------------------------------------------------------------------+
; Analysis & Synthesis Settings                                                                                        ;
+----------------------------------------------------------------------------+--------------------+--------------------+
; Option                                                                     ; Setting            ; Default Value      ;
+----------------------------------------------------------------------------+--------------------+--------------------+
; Top-level entity name                                                      ; div                ; Proj_Hardware      ;
; Family name                                                                ; Stratix II         ; Stratix II         ;
; Use Generated Physical Constraints File                                    ; Off                ;                    ;
; Use smart compilation                                                      ; Off                ; Off                ;
; Enable parallel Assembler and TimeQuest Timing Analyzer during compilation ; On                 ; On                 ;
; Enable compact report table                                                ; Off                ; Off                ;
; Restructure Multiplexers                                                   ; Auto               ; Auto               ;
; Create Debugging Nodes for IP Cores                                        ; Off                ; Off                ;
; Preserve fewer node names                                                  ; On                 ; On                 ;
; Disable OpenCore Plus hardware evaluation                                  ; Off                ; Off                ;
; Verilog Version                                                            ; Verilog_2001       ; Verilog_2001       ;
; VHDL Version                                                               ; VHDL_1993          ; VHDL_1993          ;
; State Machine Processing                                                   ; Auto               ; Auto               ;
; Safe State Machine                                                         ; Off                ; Off                ;
; Extract Verilog State Machines                                             ; On                 ; On                 ;
; Extract VHDL State Machines                                                ; On                 ; On                 ;
; Ignore Verilog initial constructs                                          ; Off                ; Off                ;
; Iteration limit for constant Verilog loops                                 ; 5000               ; 5000               ;
; Iteration limit for non-constant Verilog loops                             ; 250                ; 250                ;
; Add Pass-Through Logic to Inferred RAMs                                    ; On                 ; On                 ;
; Parallel Synthesis                                                         ; On                 ; On                 ;
; DSP Block Balancing                                                        ; Auto               ; Auto               ;
; NOT Gate Push-Back                                                         ; On                 ; On                 ;
; Power-Up Don't Care                                                        ; On                 ; On                 ;
; Remove Redundant Logic Cells                                               ; Off                ; Off                ;
; Remove Duplicate Registers                                                 ; On                 ; On                 ;
; Ignore CARRY Buffers                                                       ; Off                ; Off                ;
; Ignore CASCADE Buffers                                                     ; Off                ; Off                ;
; Ignore GLOBAL Buffers                                                      ; Off                ; Off                ;
; Ignore ROW GLOBAL Buffers                                                  ; Off                ; Off                ;
; Ignore LCELL Buffers                                                       ; Off                ; Off                ;
; Ignore SOFT Buffers                                                        ; On                 ; On                 ;
; Limit AHDL Integers to 32 Bits                                             ; Off                ; Off                ;
; Optimization Technique                                                     ; Balanced           ; Balanced           ;
; Carry Chain Length                                                         ; 70                 ; 70                 ;
; Auto Carry Chains                                                          ; On                 ; On                 ;
; Auto Open-Drain Pins                                                       ; On                 ; On                 ;
; Perform WYSIWYG Primitive Resynthesis                                      ; Off                ; Off                ;
; Auto ROM Replacement                                                       ; On                 ; On                 ;
; Auto RAM Replacement                                                       ; On                 ; On                 ;
; Auto DSP Block Replacement                                                 ; On                 ; On                 ;
; Auto Shift Register Replacement                                            ; Auto               ; Auto               ;
; Auto Clock Enable Replacement                                              ; On                 ; On                 ;
; Strict RAM Replacement                                                     ; Off                ; Off                ;
; Allow Synchronous Control Signals                                          ; On                 ; On                 ;
; Force Use of Synchronous Clear Signals                                     ; Off                ; Off                ;
; Auto RAM Block Balancing                                                   ; On                 ; On                 ;
; Auto RAM to Logic Cell Conversion                                          ; Off                ; Off                ;
; Auto Resource Sharing                                                      ; Off                ; Off                ;
; Allow Any RAM Size For Recognition                                         ; Off                ; Off                ;
; Allow Any ROM Size For Recognition                                         ; Off                ; Off                ;
; Allow Any Shift Register Size For Recognition                              ; Off                ; Off                ;
; Use LogicLock Constraints during Resource Balancing                        ; On                 ; On                 ;
; Ignore translate_off and synthesis_off directives                          ; Off                ; Off                ;
; Timing-Driven Synthesis                                                    ; Off                ; Off                ;
; Show Parameter Settings Tables in Synthesis Report                         ; On                 ; On                 ;
; Ignore Maximum Fan-Out Assignments                                         ; Off                ; Off                ;
; Synchronization Register Chain Length                                      ; 2                  ; 2                  ;
; PowerPlay Power Optimization                                               ; Normal compilation ; Normal compilation ;
; HDL message level                                                          ; Level2             ; Level2             ;
; Suppress Register Optimization Related Messages                            ; Off                ; Off                ;
; Number of Removed Registers Reported in Synthesis Report                   ; 5000               ; 5000               ;
; Number of Inverted Registers Reported in Synthesis Report                  ; 100                ; 100                ;
; Clock MUX Protection                                                       ; On                 ; On                 ;
; Auto Gated Clock Conversion                                                ; Off                ; Off                ;
; Block Design Naming                                                        ; Auto               ; Auto               ;
; SDC constraint protection                                                  ; Off                ; Off                ;
; Synthesis Effort                                                           ; Auto               ; Auto               ;
; Shift Register Replacement - Allow Asynchronous Clear Signal               ; On                 ; On                 ;
; Analysis & Synthesis Message Level                                         ; Medium             ; Medium             ;
; Disable Register Merging Across Hierarchies                                ; Auto               ; Auto               ;
; Resource Aware Inference For Block RAM                                     ; On                 ; On                 ;
+----------------------------------------------------------------------------+--------------------+--------------------+


+------------------------------------------+
; Parallel Compilation                     ;
+----------------------------+-------------+
; Processors                 ; Number      ;
+----------------------------+-------------+
; Number detected on machine ; 4           ;
; Maximum allowed            ; 4           ;
;                            ;             ;
; Average used               ; 1.00        ;
; Maximum used               ; 1           ;
;                            ;             ;
; Usage by Processor         ; % Time Used ;
;     1 processor            ; 100.0%      ;
;     2-4 processors         ;   0.0%      ;
+----------------------------+-------------+


+-----------------------------------------------------------------------------------------------------------------------------------------+
; Analysis & Synthesis Source Files Read                                                                                                  ;
+----------------------------------+-----------------+------------------------+-----------------------------------------------------------+
; File Name with User-Entered Path ; Used in Netlist ; File Type              ; File Name with Absolute Path                              ;
+----------------------------------+-----------------+------------------------+-----------------------------------------------------------+
; div.v                            ; yes             ; User Verilog HDL File  ; C:/Users/insbs/Desktop/infrahardware/ProjetoVerilog/div.v ;
+----------------------------------+-----------------+------------------------+-----------------------------------------------------------+


+----------------------------------------------------------+
; Analysis & Synthesis Resource Usage Summary              ;
+-----------------------------------------------+----------+
; Resource                                      ; Usage    ;
+-----------------------------------------------+----------+
; Estimated ALUTs Used                          ; 403      ;
; Dedicated logic registers                     ; 232      ;
;                                               ;          ;
; Estimated ALUTs Unavailable                   ; 54       ;
;                                               ;          ;
; Total combinational functions                 ; 403      ;
; Combinational ALUT usage by number of inputs  ;          ;
;     -- 7 input functions                      ; 1        ;
;     -- 6 input functions                      ; 74       ;
;     -- 5 input functions                      ; 22       ;
;     -- 4 input functions                      ; 172      ;
;     -- <=3 input functions                    ; 134      ;
;                                               ;          ;
; Combinational ALUTs by mode                   ;          ;
;     -- normal mode                            ; 299      ;
;     -- extended LUT mode                      ; 1        ;
;     -- arithmetic mode                        ; 103      ;
;     -- shared arithmetic mode                 ; 0        ;
;                                               ;          ;
; Estimated ALUT/register pairs used            ; 482      ;
;                                               ;          ;
; Total registers                               ; 232      ;
;     -- Dedicated logic registers              ; 232      ;
;     -- I/O registers                          ; 0        ;
;                                               ;          ;
; Estimated ALMs:  partially or completely used ; 241      ;
;                                               ;          ;
; I/O pins                                      ; 133      ;
; Maximum fan-out node                          ; Equal1~0 ;
; Maximum fan-out                               ; 233      ;
; Total fan-out                                 ; 2679     ;
; Average fan-out                               ; 3.49     ;
+-----------------------------------------------+----------+


+-----------------------------------------------------------------------------------------------------------------------------------------------------------------------------------------------+
; Analysis & Synthesis Resource Utilization by Entity                                                                                                                                           ;
+----------------------------+-------------------+--------------+-------------------+--------------+---------+-----------+-----------+------+--------------+---------------------+--------------+
; Compilation Hierarchy Node ; LC Combinationals ; LC Registers ; Block Memory Bits ; DSP Elements ; DSP 9x9 ; DSP 18x18 ; DSP 36x36 ; Pins ; Virtual Pins ; Full Hierarchy Name ; Library Name ;
+----------------------------+-------------------+--------------+-------------------+--------------+---------+-----------+-----------+------+--------------+---------------------+--------------+
; |div                       ; 403 (403)         ; 232 (232)    ; 0                 ; 0            ; 0       ; 0         ; 0         ; 133  ; 0            ; |div                ; work         ;
+----------------------------+-------------------+--------------+-------------------+--------------+---------+-----------+-----------+------+--------------+---------------------+--------------+
Note: For table entries with two numbers listed, the numbers in parentheses indicate the number of resources of the given type used by the specific entity alone. The numbers listed outside of parentheses indicate the total resources of the given type used by the specific entity and all of its sub-entities in the hierarchy.


+------------------------------------------------------+
; General Register Statistics                          ;
+----------------------------------------------+-------+
; Statistic                                    ; Value ;
+----------------------------------------------+-------+
; Total registers                              ; 232   ;
; Number of registers using Synchronous Clear  ; 0     ;
; Number of registers using Synchronous Load   ; 127   ;
; Number of registers using Asynchronous Clear ; 0     ;
; Number of registers using Asynchronous Load  ; 0     ;
; Number of registers using Clock Enable       ; 232   ;
; Number of registers using Preset             ; 0     ;
+----------------------------------------------+-------+


+------------------------------------------------------------------------------------------------------------------------------------------+
; Multiplexer Restructuring Statistics (Restructuring Performed)                                                                           ;
+--------------------+-----------+---------------+----------------------+------------------------+------------+----------------------------+
; Multiplexer Inputs ; Bus Width ; Baseline Area ; Area if Restructured ; Saving if Restructured ; Registered ; Example Multiplexer Output ;
+--------------------+-----------+---------------+----------------------+------------------------+------------+----------------------------+
; 3:1                ; 6 bits    ; 12 ALUTs      ; 12 ALUTs             ; 0 ALUTs                ; Yes        ; |div|contador[1]           ;
; 3:1                ; 32 bits   ; 64 ALUTs      ; 0 ALUTs              ; 64 ALUTs               ; Yes        ; |div|RESTO[33]             ;
; 3:1                ; 32 bits   ; 64 ALUTs      ; 32 ALUTs             ; 32 ALUTs               ; No         ; |div|RESTO                 ;
+--------------------+-----------+---------------+----------------------+------------------------+------------+----------------------------+


+-------------------------------+
; Analysis & Synthesis Messages ;
+-------------------------------+
Info: *******************************************************************
Info: Running Quartus II Analysis & Synthesis
    Info: Version 9.1 Build 350 03/24/2010 Service Pack 2 SJ Web Edition
    Info: Processing started: Thu May 16 09:28:45 2019
Info: Command: quartus_map --read_settings_files=on --write_settings_files=off Proj_Hardware -c Proj_Hardware
Info: Parallel compilation is enabled and will use 4 of the 4 processors detected
Info: Found 1 design units, including 1 entities, in source file div.v
    Info: Found entity 1: div
Info: Found 1 design units, including 1 entities, in source file mult.v
    Info: Found entity 1: mult
Info: Found 2 design units, including 1 entities, in source file banco_reg.vhd
    Info: Found design unit 1: Banco_reg-behavioral_arch
    Info: Found entity 1: Banco_reg
Info: Found 2 design units, including 1 entities, in source file instr_reg.vhd
    Info: Found design unit 1: Instr_Reg-behavioral_arch
    Info: Found entity 1: Instr_Reg
Info: Found 3 design units, including 1 entities, in source file memoria.vhd
    Info: Found design unit 1: ram_constants
    Info: Found design unit 2: Memoria-behavioral_arch
    Info: Found entity 1: Memoria
Info: Found 2 design units, including 1 entities, in source file regdesloc.vhd
    Info: Found design unit 1: RegDesloc-behavioral_arch
    Info: Found entity 1: RegDesloc
Info: Found 2 design units, including 1 entities, in source file registrador.vhd
    Info: Found design unit 1: Registrador-behavioral_arch
    Info: Found entity 1: Registrador
Info: Found 2 design units, including 1 entities, in source file ula32.vhd
    Info: Found design unit 1: Ula32-behavioral
    Info: Found entity 1: Ula32
Info: Found 1 design units, including 1 entities, in source file sign_extend.v
    Info: Found entity 1: sign_extend
Info: Found 1 design units, including 1 entities, in source file mux_2inputs.v
    Info: Found entity 1: mux_2inputs
Info: Found 1 design units, including 1 entities, in source file mux_f_h_or_b.v
    Info: Found entity 1: mux_f_h_or_b
Info: Found 1 design units, including 1 entities, in source file mux_alusrca.v
    Info: Found entity 1: mux_aluSrcA
Info: Found 1 design units, including 1 entities, in source file mux_alusrcb.v
    Info: Found entity 1: mux_aluSrcB
Info: Found 1 design units, including 1 entities, in source file mux_iord.v
    Info: Found entity 1: mux_iOrD
Info: Found 1 design units, including 1 entities, in source file mux_regdst.v
    Info: Found entity 1: mux_regDst
Info: Found 1 design units, including 1 entities, in source file mux_memtoreg.v
    Info: Found entity 1: mux_memToReg
Info: Found 1 design units, including 1 entities, in source file mux_pcsrc.v
    Info: Found entity 1: mux_pcSrc
Info: Found 1 design units, including 1 entities, in source file shift_left2.v
    Info: Found entity 1: shift_left2
Info: Found 1 design units, including 1 entities, in source file unidadeprocessamento.bdf
    Info: Found entity 1: UnidadeProcessamento
Info: Found 1 design units, including 1 entities, in source file shift_left16.v
    Info: Found entity 1: shift_left16
Info: Found 1 design units, including 1 entities, in source file shift_leftjump.v
    Info: Found entity 1: shift_leftJump
Info: Found 1 design units, including 1 entities, in source file concat_25_0.v
    Info: Found entity 1: concat_25_0
Info: Found 1 design units, including 1 entities, in source file sign_extend26_32.v
    Info: Found entity 1: sign_extend26_32
Info: Found 1 design units, including 1 entities, in source file mux_dr2.v
    Info: Found entity 1: mux_dr2
Info: Found 1 design units, including 1 entities, in source file mux_store_f_h_or_b.v
    Info: Found entity 1: mux_store_f_h_or_b
Info: Found 1 design units, including 1 entities, in source file unidadecontrole.v
    Info: Found entity 1: UnidadeControle
Info: Found 1 design units, including 1 entities, in source file proc_control.bdf
    Info: Found entity 1: Proc_Control
Info: Found 1 design units, including 1 entities, in source file vcpu.sv
    Info: Found entity 1: VCPU
Info: Found 1 design units, including 1 entities, in source file mux_bwd.v
    Info: Found entity 1: mux_BWD
Info: Found 1 design units, including 1 entities, in source file mux_memwd.v
    Info: Found entity 1: mux_memWD
Warning (10236): Verilog HDL Implicit Net warning at VCPU.sv(150): created implicit net for "IRConcExt"
Info: Elaborating entity "div" for the top level hierarchy
Warning (10230): Verilog HDL assignment warning at div.v(77): truncated value with size 32 to match size of target (6)
Warning (10230): Verilog HDL assignment warning at div.v(101): truncated value with size 32 to match size of target (6)
Info: Generated suppressed messages file C:/Users/insbs/Desktop/infrahardware/ProjetoVerilog/Proj_Hardware.map.smsg
Info: Implemented 698 device resources after synthesis - the final resource count might be different
    Info: Implemented 67 input pins
    Info: Implemented 66 output pins
    Info: Implemented 565 logic cells
Info: Quartus II Analysis & Synthesis was successful. 0 errors, 3 warnings
    Info: Peak virtual memory: 307 megabytes
    Info: Processing ended: Thu May 16 09:28:50 2019
    Info: Elapsed time: 00:00:05
    Info: Total CPU time (on all processors): 00:00:05


+------------------------------------------+
; Analysis & Synthesis Suppressed Messages ;
+------------------------------------------+
The suppressed messages can be found in C:/Users/insbs/Desktop/infrahardware/ProjetoVerilog/Proj_Hardware.map.smsg.


